\BOOKMARK [1][]{Problem1.1}{Problem 1}{}% 1
\BOOKMARK [1][]{Problem2.1}{Problem 2}{}% 2
\BOOKMARK [2][]{Problem2a.2}{\(a\)}{Problem2.1}% 3
\BOOKMARK [2][]{Problem2b.2}{\(b\)}{Problem2.1}% 4
\BOOKMARK [2][]{Problem2c.2}{\(c\)}{Problem2.1}% 5
\BOOKMARK [1][]{Problem3.1}{Problem 3}{}% 6
\BOOKMARK [2][]{Problem3a.2}{\(a\)}{Problem3.1}% 7
\BOOKMARK [2][]{Problem3b.2}{\(b\)}{Problem3.1}% 8
\BOOKMARK [1][]{Problem4.1}{Problem 4}{}% 9
\BOOKMARK [1][]{Problem5.1}{Problem 5}{}% 10
\BOOKMARK [2][]{Problem5a.2}{\(a\)}{Problem5.1}% 11
\BOOKMARK [2][]{Problem5b.2}{\(b\)}{Problem5.1}% 12
\BOOKMARK [2][]{Problem5c.2}{\(c\)}{Problem5.1}% 13
\BOOKMARK [2][]{Problem5d.2}{\(d\)}{Problem5.1}% 14
\BOOKMARK [2][]{Problem5e.2}{\(e\)}{Problem5.1}% 15
\BOOKMARK [2][]{Problem5f.2}{\(f\)}{Problem5.1}% 16
\BOOKMARK [1][]{Problem6.1}{Problem 6}{}% 17
\BOOKMARK [1][]{Problem7.1}{Problem 7}{}% 18
\BOOKMARK [1][]{Problem8.1}{Problem 8}{}% 19
\BOOKMARK [2][]{Problem8a.2}{\(a\)}{Problem8.1}% 20
\BOOKMARK [2][]{Problem8b.2}{\(b\)}{Problem8.1}% 21
\BOOKMARK [1][]{Problem9.1}{Problem 9}{}% 22
\BOOKMARK [2][]{Problem9a.2}{\(a\)}{Problem9.1}% 23
\BOOKMARK [2][]{Problem9b.2}{\(b\)}{Problem9.1}% 24
\BOOKMARK [2][]{Problem9c.2}{\(c\)}{Problem9.1}% 25
\BOOKMARK [1][]{Problem10.1}{Problem 10}{}% 26
\BOOKMARK [2][]{Problem10a.2}{\(a\)}{Problem10.1}% 27
\BOOKMARK [2][]{Problem10b.2}{\(b\)}{Problem10.1}% 28
\BOOKMARK [1][]{Problem11.1}{Problem 11}{}% 29
\BOOKMARK [2][]{Problem11a.2}{\(a\)}{Problem11.1}% 30
\BOOKMARK [2][]{Problem11b.2}{\(b\)}{Problem11.1}% 31
\BOOKMARK [1][]{Problem12.1}{Problem 12}{}% 32
\BOOKMARK [1][]{Problem13.1}{Problem 13}{}% 33
\BOOKMARK [2][]{Problem13a.2}{\(a\)}{Problem13.1}% 34
\BOOKMARK [2][]{Problem13b.2}{\(b\)}{Problem13.1}% 35
\BOOKMARK [2][]{Problem13c.2}{\(c\)}{Problem13.1}% 36
\BOOKMARK [2][]{Problem13d.2}{\(d\)}{Problem13.1}% 37
\BOOKMARK [2][]{Problem13e.2}{\(e\)}{Problem13.1}% 38
