This is pdfTeXk, Version 3.141592-1.40.3 (Web2C 7.5.6) (format=pdflatex 2010.10.28)  6 NOV 2011 12:13
entering extended mode
 %&-line parsing enabled.
**cp12m
(/afs/csail.mit.edu/u/i/igor_m/trunk/fall11/cp12m.tex
LaTeX2e <2005/12/01>
Babel <v3.8h> and hyphenation patterns for english, usenglishmax, dumylang, noh
yphenation, croatian, ukrainian, russian, bulgarian, czech, slovak, danish, dut
ch, finnish, basque, french, german, ngerman, ibycus, greek, monogreek, ancient
greek, hungarian, italian, latin, mongolian, norsk, icelandic, interlingua, tur
kish, coptic, romanian, welsh, serbian, slovenian, estonian, esperanto, upperso
rbian, indonesian, polish, portuguese, spanish, catalan, galician, swedish, loa
ded.
(/afs/csail.mit.edu/u/i/igor_m/trunk/macros/mcs.cls
Document Class: mcs 
(/usr/share/texmf-texlive/tex/latex/base/book.cls
Document Class: book 2005/09/16 v1.4f Standard LaTeX document class
(/usr/share/texmf-texlive/tex/latex/base/bk11.clo
File: bk11.clo 2005/09/16 v1.4f Standard LaTeX file (size option)
)
\c@part=\count79
\c@chapter=\count80
\c@section=\count81
\c@subsection=\count82
\c@subsubsection=\count83
\c@paragraph=\count84
\c@subparagraph=\count85
\c@figure=\count86
\c@table=\count87
\abovecaptionskip=\skip41
\belowcaptionskip=\skip42
\bibindent=\dimen102
)
(/usr/share/texmf-texlive/tex/latex/datetime/datetime.sty
Package: datetime 2006/12/05 v2.49 Date Time Package

(/usr/share/texmf-texlive/tex/latex/fmtcount/fmtcount.sty
Package: fmtcount 2007/01/06 v1.06

(/usr/share/texmf-texlive/tex/latex/base/ifthen.sty
Package: ifthen 2001/05/26 v1.1c Standard LaTeX ifthen package (DPC)
)
(/usr/share/texmf-texlive/tex/latex/graphics/keyval.sty
Package: keyval 1999/03/16 v1.13 key=value parser (DPC)
\KV@toks@=\toks14
)
\c@padzeroesN=\count88

No configuration file fmtcount.cfg found.
\@DT@modctr=\count89
\@ordinalctr=\count90
\@orgargctr=\count91
\@strctr=\count92
\@tmpstrctr=\count93
\@DT@loopN=\count94
\@DT@X=\count95
(/usr/share/texmf-texlive/tex/latex/fmtcount/fc-english.def
File: fc-english 2005/04/29
))
\@day=\count96
\@month=\count97
\@year=\count98
Package datetime Info: No datetime.cfg file found, using default settings on in
put line 151.
\@dtctr=\count99
\dayofyear=\count100
\dayofweek=\count101
LaTeX Info: Redefining \today on input line 414.
\c@HOUR=\count102
\c@HOURXII=\count103
\c@MINUTE=\count104
\c@TOHOUR=\count105
\c@TOMINUTE=\count106
)
(/usr/share/texmf-texlive/tex/latex/tools/calc.sty
Package: calc 2005/08/06 v4.2 Infix arithmetic (KKT,FJ)
\calc@Acount=\count107
\calc@Bcount=\count108
\calc@Adimen=\dimen103
\calc@Bdimen=\dimen104
\calc@Askip=\skip43
\calc@Bskip=\skip44
LaTeX Info: Redefining \setlength on input line 75.
LaTeX Info: Redefining \addtolength on input line 76.
\calc@Ccount=\count109
\calc@Cskip=\skip45
)
(/usr/share/texmf-texlive/tex/latex/amsmath/amsmath.sty
Package: amsmath 2000/07/18 v2.13 AMS math features
\@mathmargin=\skip46

For additional information on amsmath, use the `?' option.
(/usr/share/texmf-texlive/tex/latex/amsmath/amstext.sty
Package: amstext 2000/06/29 v2.01

(/usr/share/texmf-texlive/tex/latex/amsmath/amsgen.sty
File: amsgen.sty 1999/11/30 v2.0
\@emptytoks=\toks15
\ex@=\dimen105
))
(/usr/share/texmf-texlive/tex/latex/amsmath/amsbsy.sty
Package: amsbsy 1999/11/29 v1.2d
\pmbraise@=\dimen106
)
(/usr/share/texmf-texlive/tex/latex/amsmath/amsopn.sty
Package: amsopn 1999/12/14 v2.01 operator names
)
\inf@bad=\count110
LaTeX Info: Redefining \frac on input line 211.
\uproot@=\count111
\leftroot@=\count112
LaTeX Info: Redefining \overline on input line 307.
\classnum@=\count113
\DOTSCASE@=\count114
LaTeX Info: Redefining \ldots on input line 379.
LaTeX Info: Redefining \dots on input line 382.
LaTeX Info: Redefining \cdots on input line 467.
\Mathstrutbox@=\box26
\strutbox@=\box27
\big@size=\dimen107
LaTeX Font Info:    Redeclaring font encoding OML on input line 567.
LaTeX Font Info:    Redeclaring font encoding OMS on input line 568.
\macc@depth=\count115
\c@MaxMatrixCols=\count116
\dotsspace@=\muskip10
\c@parentequation=\count117
\dspbrk@lvl=\count118
\tag@help=\toks16
\row@=\count119
\column@=\count120
\maxfields@=\count121
\andhelp@=\toks17
\eqnshift@=\dimen108
\alignsep@=\dimen109
\tagshift@=\dimen110
\tagwidth@=\dimen111
\totwidth@=\dimen112
\lineht@=\dimen113
\@envbody=\toks18
\multlinegap=\skip47
\multlinetaggap=\skip48
\mathdisplay@stack=\toks19
LaTeX Info: Redefining \[ on input line 2666.
LaTeX Info: Redefining \] on input line 2667.
)
(/usr/share/texmf-texlive/tex/latex/amscls/amsthm.sty
Package: amsthm 2004/08/06 v2.20
\thm@style=\toks20
\thm@bodyfont=\toks21
\thm@headfont=\toks22
\thm@notefont=\toks23
\thm@headpunct=\toks24
\thm@preskip=\skip49
\thm@postskip=\skip50
\thm@headsep=\skip51
\dth@everypar=\toks25
)
(/usr/share/texmf-texlive/tex/latex/amsfonts/amssymb.sty
Package: amssymb 2002/01/22 v2.2d

(/usr/share/texmf-texlive/tex/latex/amsfonts/amsfonts.sty
Package: amsfonts 2001/10/25 v2.2f
\symAMSa=\mathgroup4
\symAMSb=\mathgroup5
LaTeX Font Info:    Overwriting math alphabet `\mathfrak' in version `bold'
(Font)                  U/euf/m/n --> U/euf/b/n on input line 132.
))
(/usr/share/texmf-texlive/tex/latex/tools/xspace.sty
Package: xspace 2006/05/08 v1.12 Space after command names (DPC,MH)
)
(/usr/share/texmf-texlive/tex/latex/graphics/graphicx.sty
Package: graphicx 1999/02/16 v1.0f Enhanced LaTeX Graphics (DPC,SPQR)

(/usr/share/texmf-texlive/tex/latex/graphics/graphics.sty
Package: graphics 2006/02/20 v1.0o Standard LaTeX Graphics (DPC,SPQR)

(/usr/share/texmf-texlive/tex/latex/graphics/trig.sty
Package: trig 1999/03/16 v1.09 sin cos tan (DPC)
)
(/etc/texmf/tex/latex/config/graphics.cfg
File: graphics.cfg 2007/01/18 v1.5 graphics configuration of teTeX/TeXLive
)
Package graphics Info: Driver file: pdftex.def on input line 90.

(/usr/share/texmf-texlive/tex/latex/pdftex-def/pdftex.def
File: pdftex.def 2007/01/08 v0.04d Graphics/color for pdfTeX
\Gread@gobject=\count122
))
\Gin@req@height=\dimen114
\Gin@req@width=\dimen115
)
(/usr/share/texmf-texlive/tex/latex/graphics/epsfig.sty
Package: epsfig 1999/02/16 v1.7a (e)psfig emulation (SPQR)
\epsfxsize=\dimen116
\epsfysize=\dimen117
)
(/usr/share/texmf-texlive/tex/latex/psfrag/psfrag.sty
Package: psfrag 1998/04/11 v3.04 PSfrag (MCG)
\pfg@pcount=\count123
\pfg@scount=\count124
\pfg@temp=\write3
)
(/usr/share/texmf-texlive/tex/latex/graphics/color.sty
Package: color 2005/11/14 v1.0j Standard LaTeX Color (DPC)

(/etc/texmf/tex/latex/config/color.cfg
File: color.cfg 2007/01/18 v1.5 color configuration of teTeX/TeXLive
)
Package color Info: Driver file: pdftex.def on input line 130.

(/usr/share/texmf-texlive/tex/latex/graphics/dvipsnam.def
File: dvipsnam.def 1999/02/16 v3.0i Driver-dependant file (DPC,SPQR)
))
(/usr/share/texmf-texlive/tex/latex/subfig/subfig.sty
Package: subfig 2005/06/28 ver: 1.3 subfig package

(/usr/share/texmf-texlive/tex/latex/caption/caption.sty
Package: caption 2007/01/07 v3.0k Customising captions (AR)

(/usr/share/texmf-texlive/tex/latex/caption/caption3.sty
Package: caption3 2007/01/07 v3.0k caption3 kernel (AR)
\captionmargin=\dimen118
\captionmarginx=\dimen119
\captionwidth=\dimen120
\captionindent=\dimen121
\captionparindent=\dimen122
\captionhangindent=\dimen123
))
\c@KVtest=\count125
\sf@farskip=\skip52
\sf@captopadj=\dimen124
\sf@capskip=\skip53
\sf@nearskip=\skip54
\c@subfigure=\count126
\c@subfigure@save=\count127
\c@lofdepth=\count128
\c@subtable=\count129
\c@subtable@save=\count130
\c@lotdepth=\count131
\sf@top=\skip55
\sf@bottom=\skip56
)
(/usr/share/texmf-texlive/tex/latex/base/textcomp.sty
Package: textcomp 2005/09/27 v1.99g Standard LaTeX package
Package textcomp Info: Sub-encoding information:
(textcomp)               5 = only ISO-Adobe without \textcurrency
(textcomp)               4 = 5 + \texteuro
(textcomp)               3 = 4 + \textohm
(textcomp)               2 = 3 + \textestimated + \textcurrency
(textcomp)               1 = TS1 - \textcircled - \t
(textcomp)               0 = TS1 (full)
(textcomp)             Font families with sub-encoding setting implement
(textcomp)             only a restricted character set as indicated.
(textcomp)             Family '?' is the default used for unknown fonts.
(textcomp)             See the documentation for details.
Package textcomp Info: Setting ? sub-encoding to TS1/1 on input line 71.

(/usr/share/texmf-texlive/tex/latex/base/ts1enc.def
File: ts1enc.def 2001/06/05 v3.0e (jk/car/fm) Standard LaTeX file
)
LaTeX Info: Redefining \oldstylenums on input line 266.
Package textcomp Info: Setting cmr sub-encoding to TS1/0 on input line 281.
Package textcomp Info: Setting cmss sub-encoding to TS1/0 on input line 282.
Package textcomp Info: Setting cmtt sub-encoding to TS1/0 on input line 283.
Package textcomp Info: Setting cmvtt sub-encoding to TS1/0 on input line 284.
Package textcomp Info: Setting cmbr sub-encoding to TS1/0 on input line 285.
Package textcomp Info: Setting cmtl sub-encoding to TS1/0 on input line 286.
Package textcomp Info: Setting ccr sub-encoding to TS1/0 on input line 287.
Package textcomp Info: Setting ptm sub-encoding to TS1/4 on input line 288.
Package textcomp Info: Setting pcr sub-encoding to TS1/4 on input line 289.
Package textcomp Info: Setting phv sub-encoding to TS1/4 on input line 290.
Package textcomp Info: Setting ppl sub-encoding to TS1/3 on input line 291.
Package textcomp Info: Setting pag sub-encoding to TS1/4 on input line 292.
Package textcomp Info: Setting pbk sub-encoding to TS1/4 on input line 293.
Package textcomp Info: Setting pnc sub-encoding to TS1/4 on input line 294.
Package textcomp Info: Setting pzc sub-encoding to TS1/4 on input line 295.
Package textcomp Info: Setting bch sub-encoding to TS1/4 on input line 296.
Package textcomp Info: Setting put sub-encoding to TS1/5 on input line 297.
Package textcomp Info: Setting uag sub-encoding to TS1/5 on input line 298.
Package textcomp Info: Setting ugq sub-encoding to TS1/5 on input line 299.
Package textcomp Info: Setting ul8 sub-encoding to TS1/4 on input line 300.
Package textcomp Info: Setting ul9 sub-encoding to TS1/4 on input line 301.
Package textcomp Info: Setting augie sub-encoding to TS1/5 on input line 302.
Package textcomp Info: Setting dayrom sub-encoding to TS1/3 on input line 303.
Package textcomp Info: Setting dayroms sub-encoding to TS1/3 on input line 304.

Package textcomp Info: Setting pxr sub-encoding to TS1/0 on input line 305.
Package textcomp Info: Setting pxss sub-encoding to TS1/0 on input line 306.
Package textcomp Info: Setting pxtt sub-encoding to TS1/0 on input line 307.
Package textcomp Info: Setting txr sub-encoding to TS1/0 on input line 308.
Package textcomp Info: Setting txss sub-encoding to TS1/0 on input line 309.
Package textcomp Info: Setting txtt sub-encoding to TS1/0 on input line 310.
Package textcomp Info: Setting futs sub-encoding to TS1/4 on input line 311.
Package textcomp Info: Setting futx sub-encoding to TS1/4 on input line 312.
Package textcomp Info: Setting futj sub-encoding to TS1/4 on input line 313.
Package textcomp Info: Setting hlh sub-encoding to TS1/3 on input line 314.
Package textcomp Info: Setting hls sub-encoding to TS1/3 on input line 315.
Package textcomp Info: Setting hlst sub-encoding to TS1/3 on input line 316.
Package textcomp Info: Setting hlct sub-encoding to TS1/5 on input line 317.
Package textcomp Info: Setting hlx sub-encoding to TS1/5 on input line 318.
Package textcomp Info: Setting hlce sub-encoding to TS1/5 on input line 319.
Package textcomp Info: Setting hlcn sub-encoding to TS1/5 on input line 320.
Package textcomp Info: Setting hlcw sub-encoding to TS1/5 on input line 321.
Package textcomp Info: Setting hlcf sub-encoding to TS1/5 on input line 322.
Package textcomp Info: Setting pplx sub-encoding to TS1/3 on input line 323.
Package textcomp Info: Setting pplj sub-encoding to TS1/3 on input line 324.
Package textcomp Info: Setting ptmx sub-encoding to TS1/4 on input line 325.
Package textcomp Info: Setting ptmj sub-encoding to TS1/4 on input line 326.
)
(/usr/share/texmf-texlive/tex/latex/tools/verbatim.sty
Package: verbatim 2003/08/22 v1.5q LaTeX2e package for verbatim enhancements
\every@verbatim=\toks26
\verbatim@line=\toks27
\verbatim@in@stream=\read1
)
(/usr/share/texmf-texlive/tex/latex/index/index.sty
Package: index 2004/01/20 v4.2beta Improved index support (dmj)
\@indexbox=\insert233
\indexproofstyle=\toks28
)
(/usr/share/texmf-texlive/tex/latex/psnfss/times.sty
Package: times 2005/04/12 PSNFSS-v9.2a (SPQR) 
)
(/afs/csail.mit.edu/u/i/igor_m/trunk/macros/mtp2fonts/texmf/tex/latex/mtpro2/mt
pro2.sty
Package: mtpro2 2009/4/27 v2.3 MathTimePro II - added arc accents MathTimePro I
I - fixed rbrace problem with straightbraces and morphedbraces options MathTime
Pro II - fix bug with z = \delimiter "026E30F widetilde{\delimiter "026E30F sum
_{x }}MathTimePro II v2 font support (PCTeX/WaS)MathTimePro II v2.1a Allowed al
ternate form of I in Math Script Fonts (MS)
LaTeX Font Info:    Try loading font information for OT1+ptm on input line 86.
 (/usr/share/texmf-texlive/tex/latex/psnfss/ot1ptm.fd
File: ot1ptm.fd 2001/06/04 font definitions for OT1/ptm.
)
\c@mv@heavy=\count132
LaTeX Font Info:    Redeclaring symbol font `operators' on input line 110.
LaTeX Font Info:    Overwriting symbol font `operators' in version `normal'
(Font)                  OT1/cmr/m/n --> OT1/ptm/m/n on input line 110.
LaTeX Font Info:    Overwriting symbol font `operators' in version `bold'
(Font)                  OT1/cmr/bx/n --> OT1/ptm/m/n on input line 110.
LaTeX Font Info:    Overwriting symbol font `operators' in version `heavy'
(Font)                  OT1/cmr/m/n --> OT1/ptm/m/n on input line 110.
LaTeX Font Info:    Redeclaring symbol font `letters' on input line 111.
LaTeX Font Warning: Encoding `OML' has changed to `LMP1' for symbol font
(Font)              `letters' in the math version `normal' on input line 111.
LaTeX Font Info:    Overwriting symbol font `letters' in version `normal'
(Font)                  OML/cmm/m/it --> LMP1/mtt/m/it on input line 111.
LaTeX Font Warning: Encoding `OML' has changed to `LMP1' for symbol font
(Font)              `letters' in the math version `bold' on input line 111.
LaTeX Font Info:    Overwriting symbol font `letters' in version `bold'
(Font)                  OML/cmm/b/it --> LMP1/mtt/m/it on input line 111.
LaTeX Font Warning: Encoding `OML' has changed to `LMP1' for symbol font
(Font)              `letters' in the math version `heavy' on input line 111.
LaTeX Font Info:    Overwriting symbol font `letters' in version `heavy'
(Font)                  OML/cmm/m/it --> LMP1/mtt/m/it on input line 111.
LaTeX Font Info:    Redeclaring symbol font `symbols' on input line 112.
LaTeX Font Warning: Encoding `OMS' has changed to `LMP2' for symbol font
(Font)              `symbols' in the math version `normal' on input line 112.
LaTeX Font Info:    Overwriting symbol font `symbols' in version `normal'
(Font)                  OMS/cmsy/m/n --> LMP2/mtt/m/n on input line 112.
LaTeX Font Warning: Encoding `OMS' has changed to `LMP2' for symbol font
(Font)              `symbols' in the math version `bold' on input line 112.
LaTeX Font Info:    Overwriting symbol font `symbols' in version `bold'
(Font)                  OMS/cmsy/b/n --> LMP2/mtt/m/n on input line 112.
LaTeX Font Warning: Encoding `OMS' has changed to `LMP2' for symbol font
(Font)              `symbols' in the math version `heavy' on input line 112.
LaTeX Font Info:    Overwriting symbol font `symbols' in version `heavy'
(Font)                  OMS/cmsy/m/n --> LMP2/mtt/m/n on input line 112.
LaTeX Font Info:    Redeclaring symbol font `largesymbols' on input line 113.
LaTeX Font Warning: Encoding `OMX' has changed to `LMP3' for symbol font
(Font)              `largesymbols' in the math version `normal' on input line 1
13.
LaTeX Font Info:    Overwriting symbol font `largesymbols' in version `normal'
(Font)                  OMX/cmex/m/n --> LMP3/mtt/m/n on input line 113.
LaTeX Font Warning: Encoding `OMX' has changed to `LMP3' for symbol font
(Font)              `largesymbols' in the math version `bold' on input line 113
.
LaTeX Font Info:    Overwriting symbol font `largesymbols' in version `bold'
(Font)                  OMX/cmex/m/n --> LMP3/mtt/m/n on input line 113.
LaTeX Font Warning: Encoding `OMX' has changed to `LMP3' for symbol font
(Font)              `largesymbols' in the math version `heavy' on input line 11
3.
LaTeX Font Info:    Overwriting symbol font `largesymbols' in version `heavy'
(Font)                  OMX/cmex/m/n --> LMP3/mtt/m/n on input line 113.
LaTeX Font Info:    Overwriting symbol font `operators' in version `bold'
(Font)                  OT1/ptm/m/n --> OT1/ptm/b/n on input line 115.
LaTeX Font Info:    Overwriting symbol font `letters' in version `bold'
(Font)                  LMP1/mtt/m/it --> LMP1/mtt/b/it on input line 116.
LaTeX Font Info:    Overwriting symbol font `symbols' in version `bold'
(Font)                  LMP2/mtt/m/n --> LMP2/mtt/b/n on input line 117.
LaTeX Font Info:    Overwriting symbol font `largesymbols' in version `bold'
(Font)                  LMP3/mtt/m/n --> LMP3/mtt/b/n on input line 118.
LaTeX Font Info:    Overwriting symbol font `symbols' in version `heavy'
(Font)                  LMP2/mtt/m/n --> LMP2/mtt/eb/n on input line 119.
LaTeX Font Info:    Overwriting symbol font `largesymbols' in version `heavy'
(Font)                  LMP3/mtt/m/n --> LMP3/mtt/eb/n on input line 120.
\pointcount@=\count133
LaTeX Font Info:    Redeclaring math alphabet \mathbf on input line 140.
LaTeX Font Info:    Overwriting math alphabet `\mathbf' in version `normal'
(Font)                  OT1/cmr/bx/n --> OT1/ptm/b/n on input line 140.
LaTeX Font Info:    Overwriting math alphabet `\mathbf' in version `bold'
(Font)                  OT1/cmr/bx/n --> OT1/ptm/b/n on input line 140.
LaTeX Font Info:    Overwriting math alphabet `\mathbf' in version `heavy'
(Font)                  OT1/cmr/bx/n --> OT1/ptm/b/n on input line 140.
LaTeX Font Info:    Redeclaring math alphabet \mathit on input line 141.
LaTeX Font Info:    Overwriting math alphabet `\mathit' in version `normal'
(Font)                  OT1/cmr/m/it --> OT1/ptm/m/it on input line 141.
LaTeX Font Info:    Overwriting math alphabet `\mathit' in version `bold'
(Font)                  OT1/cmr/bx/it --> OT1/ptm/m/it on input line 141.
LaTeX Font Info:    Overwriting math alphabet `\mathit' in version `heavy'
(Font)                  OT1/cmr/m/it --> OT1/ptm/m/it on input line 141.
LaTeX Font Info:    Redeclaring math alphabet \mathsf on input line 142.
LaTeX Font Info:    Overwriting math alphabet `\mathsf' in version `normal'
(Font)                  OT1/cmss/m/n --> OT1/phv/m/n on input line 142.
LaTeX Font Info:    Overwriting math alphabet `\mathsf' in version `bold'
(Font)                  OT1/cmss/bx/n --> OT1/phv/m/n on input line 142.
LaTeX Font Info:    Overwriting math alphabet `\mathsf' in version `heavy'
(Font)                  OT1/cmss/m/n --> OT1/phv/m/n on input line 142.
LaTeX Font Info:    Redeclaring math alphabet \mathtt on input line 143.
LaTeX Font Info:    Overwriting math alphabet `\mathtt' in version `normal'
(Font)                  OT1/cmtt/m/n --> OT1/pcr/m/n on input line 143.
LaTeX Font Info:    Overwriting math alphabet `\mathtt' in version `bold'
(Font)                  OT1/cmtt/m/n --> OT1/pcr/m/n on input line 143.
LaTeX Font Info:    Overwriting math alphabet `\mathtt' in version `heavy'
(Font)                  OT1/cmtt/m/n --> OT1/pcr/m/n on input line 143.
LaTeX Font Info:    Overwriting math alphabet `\mathit' in version `bold'
(Font)                  OT1/ptm/m/it --> OT1/ptm/b/it on input line 144.
LaTeX Font Info:    Overwriting math alphabet `\mathsf' in version `bold'
(Font)                  OT1/phv/m/n --> OT1/phv/b/n on input line 145.
LaTeX Font Info:    Overwriting math alphabet `\mathtt' in version `bold'
(Font)                  OT1/pcr/m/n --> OT1/pcr/b/n on input line 146.
LaTeX Font Info:    Overwriting math alphabet `\mathcal' in version `bold'
(Font)                  OMS/cmsy/m/n --> OMS/cmsy/b/n on input line 190.
LaTeX Font Info:    Redeclaring math symbol \imath on input line 218.
LaTeX Font Info:    Redeclaring math symbol \jmath on input line 219.
LaTeX Font Info:    Overwriting math alphabet `\MTPScript' in version `bold'
(Font)                  U/mt2ms/m/it --> U/mt2ms/b/it on input line 284.
LaTeX Font Info:    Overwriting math alphabet `\MTPFrak' in version `bold'
(Font)                  U/mt2mf/m/n --> U/mt2mf/b/n on input line 288.
LaTeX Font Info:    Redeclaring math symbol \alpha on input line 344.
LaTeX Font Info:    Redeclaring math symbol \beta on input line 345.
LaTeX Font Info:    Redeclaring math symbol \gamma on input line 346.
LaTeX Font Info:    Redeclaring math symbol \delta on input line 347.
LaTeX Font Info:    Redeclaring math symbol \epsilon on input line 348.
LaTeX Font Info:    Redeclaring math symbol \zeta on input line 349.
LaTeX Font Info:    Redeclaring math symbol \eta on input line 350.
LaTeX Font Info:    Redeclaring math symbol \theta on input line 351.
LaTeX Font Info:    Redeclaring math symbol \iota on input line 352.
LaTeX Font Info:    Redeclaring math symbol \kappa on input line 353.
LaTeX Font Info:    Redeclaring math symbol \lambda on input line 354.
LaTeX Font Info:    Redeclaring math symbol \mu on input line 355.
LaTeX Font Info:    Redeclaring math symbol \nu on input line 356.
LaTeX Font Info:    Redeclaring math symbol \xi on input line 357.
LaTeX Font Info:    Redeclaring math symbol \pi on input line 358.
LaTeX Font Info:    Redeclaring math symbol \rho on input line 359.
LaTeX Font Info:    Redeclaring math symbol \sigma on input line 360.
LaTeX Font Info:    Redeclaring math symbol \tau on input line 361.
LaTeX Font Info:    Redeclaring math symbol \upsilon on input line 362.
LaTeX Font Info:    Redeclaring math symbol \phi on input line 363.
LaTeX Font Info:    Redeclaring math symbol \chi on input line 364.
LaTeX Font Info:    Redeclaring math symbol \psi on input line 365.
LaTeX Font Info:    Redeclaring math symbol \omega on input line 366.
LaTeX Font Info:    Redeclaring math symbol \varepsilon on input line 367.
LaTeX Font Info:    Redeclaring math symbol \vartheta on input line 368.
LaTeX Font Info:    Redeclaring math symbol \varpi on input line 369.
LaTeX Font Info:    Redeclaring math symbol \varrho on input line 370.
LaTeX Font Info:    Redeclaring math symbol \varsigma on input line 371.
LaTeX Font Info:    Redeclaring math symbol \varphi on input line 372.
LaTeX Font Info:    Redeclaring math symbol \varkappa on input line 373.
LaTeX Font Info:    Redeclaring math symbol \Delta on input line 397.
LaTeX Font Info:    Redeclaring math symbol \Theta on input line 398.
LaTeX Font Info:    Redeclaring math symbol \Lambda on input line 399.
LaTeX Font Info:    Redeclaring math symbol \Xi on input line 400.
LaTeX Font Info:    Redeclaring math symbol \Pi on input line 401.
LaTeX Font Info:    Redeclaring math symbol \Sigma on input line 402.
LaTeX Font Info:    Redeclaring math symbol \Upsilon on input line 403.
LaTeX Font Info:    Redeclaring math symbol \Phi on input line 404.
LaTeX Font Info:    Redeclaring math symbol \Psi on input line 405.
LaTeX Font Info:    Redeclaring math symbol \Omega on input line 406.
LaTeX Font Info:    Redeclaring math symbol \triangleleft on input line 451.
LaTeX Font Info:    Redeclaring math symbol \triangleright on input line 452.
LaTeX Font Info:    Redeclaring math symbol \ddagger on input line 453.
LaTeX Font Info:    Redeclaring math symbol \dagger on input line 454.
LaTeX Font Info:    Redeclaring math symbol \ldotp on input line 457.
LaTeX Font Info:    Redeclaring math accent \vec on input line 468.
LaTeX Font Info:    Redeclaring math accent \grave on input line 469.
LaTeX Font Info:    Redeclaring math accent \acute on input line 470.
LaTeX Font Info:    Redeclaring math accent \check on input line 471.
LaTeX Font Info:    Redeclaring math accent \breve on input line 472.
LaTeX Font Info:    Redeclaring math accent \bar on input line 473.
LaTeX Font Info:    Redeclaring math accent \hat on input line 474.
LaTeX Font Info:    Redeclaring math accent \dot on input line 475.
LaTeX Font Info:    Redeclaring math accent \tilde on input line 476.
LaTeX Font Info:    Redeclaring math accent \ddot on input line 477.
LaTeX Font Info:    Redeclaring math accent \mathring on input line 478.
LaTeX Font Info:    Redeclaring math symbol \braceld on input line 479.
LaTeX Font Info:    Redeclaring math symbol \bracerd on input line 480.
LaTeX Font Info:    Redeclaring math symbol \bracelu on input line 481.
LaTeX Font Info:    Redeclaring math symbol \braceru on input line 482.
LaTeX Font Info:    Redeclaring math symbol \mathparagraph on input line 483.
LaTeX Font Info:    Redeclaring math symbol \mathsection on input line 484.
LaTeX Font Info:    Redeclaring math symbol \hslash on input line 511.
LaTeX Font Info:    Redeclaring math symbol \digamma on input line 512.
LaTeX Font Info:    Redeclaring math symbol \hbar on input line 544.
\prePbox@=\box28
\Pbox@=\box29
\LRbox@=\box30
\HATbox@=\box31
\TDbox@=\box32
\CHbox@=\box33
\ARCbox@=\box34
\preSbox@=\box35
\Sbox@=\box36
\SQcount@=\count134
\SQRTbox@=\box37
\UPROOT@=\count135
\LEFTROOT@=\count136
\limtype@=\count137
\xlfont@=\count138
\xlposition@=\count139
\xlposition@ii=\count140
\optype@=\count141
\x@count=\count142
\maxXLscripts@=\dimen125
LaTeX Font Info:    Redeclaring symbol font `AMSa' on input line 1307.
LaTeX Font Info:    Overwriting symbol font `AMSa' in version `normal'
(Font)                  U/msa/m/n --> U/mt2sya/m/n on input line 1307.
LaTeX Font Info:    Overwriting symbol font `AMSa' in version `bold'
(Font)                  U/msa/m/n --> U/mt2sya/m/n on input line 1307.
LaTeX Font Info:    Overwriting symbol font `AMSa' in version `heavy'
(Font)                  U/msa/m/n --> U/mt2sya/m/n on input line 1307.
LaTeX Font Info:    Overwriting symbol font `AMSa' in version `bold'
(Font)                  U/mt2sya/m/n --> U/mt2sya/b/n on input line 1308.
LaTeX Font Info:    Overwriting symbol font `AMSa' in version `heavy'
(Font)                  U/mt2sya/m/n --> U/mt2sya/eb/n on input line 1309.
LaTeX Font Info:    Redeclaring math delimiter \ulcorner on input line 1327.
LaTeX Font Info:    Redeclaring math delimiter \urcorner on input line 1328.
LaTeX Font Info:    Redeclaring math delimiter \llcorner on input line 1329.
LaTeX Font Info:    Redeclaring math delimiter \lrcorner on input line 1330.
LaTeX Font Info:    Redeclaring math symbol \dashleftarrow on input line 1331.
LaTeX Font Info:    Redeclaring math symbol \dashrightarrow on input line 1332.

LaTeX Font Info:    Redeclaring math symbol \boxdot on input line 1336.
LaTeX Font Info:    Redeclaring math symbol \boxplus on input line 1337.
LaTeX Font Info:    Redeclaring math symbol \boxtimes on input line 1338.
LaTeX Font Info:    Redeclaring math symbol \square on input line 1339.
LaTeX Font Info:    Redeclaring math symbol \blacksquare on input line 1340.
LaTeX Font Info:    Redeclaring math symbol \centerdot on input line 1341.
LaTeX Font Info:    Redeclaring math symbol \lozenge on input line 1342.
LaTeX Font Info:    Redeclaring math symbol \blacklozenge on input line 1343.
LaTeX Font Info:    Redeclaring math symbol \circlearrowright on input line 134
4.
LaTeX Font Info:    Redeclaring math symbol \circlearrowleft on input line 1345
.
LaTeX Font Info:    Redeclaring math symbol \leftrightharpoons on input line 13
46.
LaTeX Font Info:    Redeclaring math symbol \boxminus on input line 1347.
LaTeX Font Info:    Redeclaring math symbol \Vdash on input line 1348.
LaTeX Font Info:    Redeclaring math symbol \Vvdash on input line 1349.
LaTeX Font Info:    Redeclaring math symbol \vDash on input line 1350.
LaTeX Font Info:    Redeclaring math symbol \twoheadrightarrow on input line 13
51.
LaTeX Font Info:    Redeclaring math symbol \twoheadleftarrow on input line 135
2.
LaTeX Font Info:    Redeclaring math symbol \leftleftarrows on input line 1353.

LaTeX Font Info:    Redeclaring math symbol \rightrightarrows on input line 135
4.
LaTeX Font Info:    Redeclaring math symbol \upuparrows on input line 1355.
LaTeX Font Info:    Redeclaring math symbol \downdownarrows on input line 1356.

LaTeX Font Info:    Redeclaring math symbol \upharpoonright on input line 1357.

LaTeX Font Info:    Redeclaring math symbol \downharpoonright on input line 135
9.
LaTeX Font Info:    Redeclaring math symbol \upharpoonleft on input line 1360.
LaTeX Font Info:    Redeclaring math symbol \downharpoonleft on input line 1361
.
LaTeX Font Info:    Redeclaring math symbol \rightarrowtail on input line 1362.

LaTeX Font Info:    Redeclaring math symbol \leftarrowtail on input line 1363.
LaTeX Font Info:    Redeclaring math symbol \leftrightarrows on input line 1364
.
LaTeX Font Info:    Redeclaring math symbol \rightleftarrows on input line 1365
.
LaTeX Font Info:    Redeclaring math symbol \Lsh on input line 1366.
LaTeX Font Info:    Redeclaring math symbol \Rsh on input line 1367.
LaTeX Font Info:    Redeclaring math symbol \rightsquigarrow on input line 1368
.
LaTeX Font Info:    Redeclaring math symbol \leftrightsquigarrow on input line 
1369.
LaTeX Font Info:    Redeclaring math symbol \looparrowleft on input line 1370.
LaTeX Font Info:    Redeclaring math symbol \looparrowright on input line 1371.

LaTeX Font Info:    Redeclaring math symbol \circeq on input line 1372.
LaTeX Font Info:    Redeclaring math symbol \succsim on input line 1373.
LaTeX Font Info:    Redeclaring math symbol \gtrsim on input line 1374.
LaTeX Font Info:    Redeclaring math symbol \gtrapprox on input line 1375.
LaTeX Font Info:    Redeclaring math symbol \multimap on input line 1376.
LaTeX Font Info:    Redeclaring math symbol \therefore on input line 1377.
LaTeX Font Info:    Redeclaring math symbol \because on input line 1378.
LaTeX Font Info:    Redeclaring math symbol \doteqdot on input line 1379.
LaTeX Font Info:    Redeclaring math symbol \triangleq on input line 1381.
LaTeX Font Info:    Redeclaring math symbol \precsim on input line 1382.
LaTeX Font Info:    Redeclaring math symbol \lesssim on input line 1383.
LaTeX Font Info:    Redeclaring math symbol \lessapprox on input line 1384.
LaTeX Font Info:    Redeclaring math symbol \eqslantless on input line 1385.
LaTeX Font Info:    Redeclaring math symbol \eqslantgtr on input line 1386.
LaTeX Font Info:    Redeclaring math symbol \curlyeqprec on input line 1387.
LaTeX Font Info:    Redeclaring math symbol \curlyeqsucc on input line 1388.
LaTeX Font Info:    Redeclaring math symbol \preccurlyeq on input line 1389.
LaTeX Font Info:    Redeclaring math symbol \leqq on input line 1390.
LaTeX Font Info:    Redeclaring math symbol \leqslant on input line 1391.
LaTeX Font Info:    Redeclaring math symbol \lessgtr on input line 1392.
LaTeX Font Info:    Redeclaring math symbol \backprime on input line 1393.
LaTeX Font Info:    Redeclaring math symbol \risingdotseq on input line 1394.
LaTeX Font Info:    Redeclaring math symbol \fallingdotseq on input line 1395.
LaTeX Font Info:    Redeclaring math symbol \succcurlyeq on input line 1396.
LaTeX Font Info:    Redeclaring math symbol \geqq on input line 1397.
LaTeX Font Info:    Redeclaring math symbol \geqslant on input line 1398.
LaTeX Font Info:    Redeclaring math symbol \gtrless on input line 1399.
LaTeX Font Info:    Redeclaring math symbol \vartriangleright on input line 140
2.
LaTeX Font Info:    Redeclaring math symbol \vartriangleleft on input line 1403
.
LaTeX Font Info:    Redeclaring math symbol \trianglerighteq on input line 1404
.
LaTeX Font Info:    Redeclaring math symbol \trianglelefteq on input line 1405.

LaTeX Font Info:    Redeclaring math symbol \bigstar on input line 1406.
LaTeX Font Info:    Redeclaring math symbol \between on input line 1407.
LaTeX Font Info:    Redeclaring math symbol \blacktriangledown on input line 14
08.
LaTeX Font Info:    Redeclaring math symbol \blacktriangleright on input line 1
409.
LaTeX Font Info:    Redeclaring math symbol \blacktriangleleft on input line 14
10.
LaTeX Font Info:    Redeclaring math symbol \vartriangle on input line 1411.
LaTeX Font Info:    Redeclaring math symbol \blacktriangle on input line 1412.
LaTeX Font Info:    Redeclaring math symbol \triangledown on input line 1413.
LaTeX Font Info:    Redeclaring math symbol \eqcirc on input line 1414.
LaTeX Font Info:    Redeclaring math symbol \lesseqgtr on input line 1415.
LaTeX Font Info:    Redeclaring math symbol \gtreqless on input line 1416.
LaTeX Font Info:    Redeclaring math symbol \lesseqqgtr on input line 1417.
LaTeX Font Info:    Redeclaring math symbol \gtreqqless on input line 1418.
LaTeX Font Info:    Redeclaring math symbol \Rrightarrow on input line 1419.
LaTeX Font Info:    Redeclaring math symbol \Lleftarrow on input line 1420.
LaTeX Font Info:    Redeclaring math symbol \veebar on input line 1421.
LaTeX Font Info:    Redeclaring math symbol \barwedge on input line 1422.
LaTeX Font Info:    Redeclaring math symbol \doublebarwedge on input line 1423.

LaTeX Font Info:    Redeclaring math symbol \measuredangle on input line 1424.
LaTeX Font Info:    Redeclaring math symbol \sphericalangle on input line 1425.

LaTeX Font Info:    Redeclaring math symbol \varpropto on input line 1426.
LaTeX Font Info:    Redeclaring math symbol \smallsmile on input line 1427.
LaTeX Font Info:    Redeclaring math symbol \smallfrown on input line 1428.
LaTeX Font Info:    Redeclaring math symbol \Subset on input line 1429.
LaTeX Font Info:    Redeclaring math symbol \Supset on input line 1430.
LaTeX Font Info:    Redeclaring math symbol \Cup on input line 1431.
LaTeX Font Info:    Redeclaring math symbol \Cap on input line 1433.
LaTeX Font Info:    Redeclaring math symbol \curlywedge on input line 1435.
LaTeX Font Info:    Redeclaring math symbol \curlyvee on input line 1436.
LaTeX Font Info:    Redeclaring math symbol \leftthreetimes on input line 1437.

LaTeX Font Info:    Redeclaring math symbol \rightthreetimes on input line 1438
.
LaTeX Font Info:    Redeclaring math symbol \subseteqq on input line 1439.
LaTeX Font Info:    Redeclaring math symbol \supseteqq on input line 1440.
LaTeX Font Info:    Redeclaring math symbol \bumpeq on input line 1441.
LaTeX Font Info:    Redeclaring math symbol \Bumpeq on input line 1442.
LaTeX Font Info:    Redeclaring math symbol \lll on input line 1443.
LaTeX Font Info:    Redeclaring math symbol \ggg on input line 1445.
LaTeX Font Info:    Redeclaring math symbol \circledS on input line 1447.
LaTeX Font Info:    Redeclaring math symbol \pitchfork on input line 1448.
LaTeX Font Info:    Redeclaring math symbol \dotplus on input line 1449.
LaTeX Font Info:    Redeclaring math symbol \backsim on input line 1450.
LaTeX Font Info:    Redeclaring math symbol \backsimeq on input line 1451.
LaTeX Font Info:    Redeclaring math symbol \complement on input line 1452.
LaTeX Font Info:    Redeclaring math symbol \intercal on input line 1453.
LaTeX Font Info:    Redeclaring math symbol \circledcirc on input line 1454.
LaTeX Font Info:    Redeclaring math symbol \circledast on input line 1455.
LaTeX Font Info:    Redeclaring math symbol \circleddash on input line 1456.
LaTeX Font Info:    Redeclaring math symbol \lvertneqq on input line 1468.
LaTeX Font Info:    Redeclaring math symbol \gvertneqq on input line 1469.
LaTeX Font Info:    Redeclaring math symbol \lneqq on input line 1470.
LaTeX Font Info:    Redeclaring math symbol \gneqq on input line 1471.
LaTeX Font Info:    Redeclaring math symbol \nleqslant on input line 1472.
LaTeX Font Info:    Redeclaring math symbol \ngeqslant on input line 1473.
LaTeX Font Info:    Redeclaring math symbol \lneq on input line 1474.
LaTeX Font Info:    Redeclaring math symbol \gneq on input line 1475.
LaTeX Font Info:    Redeclaring math symbol \npreceq on input line 1476.
LaTeX Font Info:    Redeclaring math symbol \nsucceq on input line 1477.
LaTeX Font Info:    Redeclaring math symbol \precnsim on input line 1478.
LaTeX Font Info:    Redeclaring math symbol \succnsim on input line 1479.
LaTeX Font Info:    Redeclaring math symbol \lnsim on input line 1480.
LaTeX Font Info:    Redeclaring math symbol \gnsim on input line 1481.
LaTeX Font Info:    Redeclaring math symbol \nleqq on input line 1482.
LaTeX Font Info:    Redeclaring math symbol \ngeqq on input line 1483.
LaTeX Font Info:    Redeclaring math symbol \precneqq on input line 1484.
LaTeX Font Info:    Redeclaring math symbol \succneqq on input line 1485.
LaTeX Font Info:    Redeclaring math symbol \precnapprox on input line 1486.
LaTeX Font Info:    Redeclaring math symbol \succnapprox on input line 1487.
LaTeX Font Info:    Redeclaring math symbol \lnapprox on input line 1488.
LaTeX Font Info:    Redeclaring math symbol \gnapprox on input line 1489.
LaTeX Font Info:    Redeclaring math symbol \nsim on input line 1490.
LaTeX Font Info:    Redeclaring math symbol \diagup on input line 1491.
LaTeX Font Info:    Redeclaring math symbol \diagdown on input line 1492.
LaTeX Font Info:    Redeclaring math symbol \varsubsetneq on input line 1493.
LaTeX Font Info:    Redeclaring math symbol \varsupsetneq on input line 1494.
LaTeX Font Info:    Redeclaring math symbol \nsubseteqq on input line 1495.
LaTeX Font Info:    Redeclaring math symbol \nsupseteqq on input line 1496.
LaTeX Font Info:    Redeclaring math symbol \subsetneqq on input line 1497.
LaTeX Font Info:    Redeclaring math symbol \supsetneqq on input line 1498.
LaTeX Font Info:    Redeclaring math symbol \varsubsetneqq on input line 1499.
LaTeX Font Info:    Redeclaring math symbol \varsupsetneqq on input line 1500.
LaTeX Font Info:    Redeclaring math symbol \subsetneq on input line 1501.
LaTeX Font Info:    Redeclaring math symbol \supsetneq on input line 1502.
LaTeX Font Info:    Redeclaring math symbol \nsubseteq on input line 1503.
LaTeX Font Info:    Redeclaring math symbol \nsupseteq on input line 1504.
LaTeX Font Info:    Redeclaring math symbol \nparallel on input line 1505.
LaTeX Font Info:    Redeclaring math symbol \nmid on input line 1506.
LaTeX Font Info:    Redeclaring math symbol \nshortmid on input line 1507.
LaTeX Font Info:    Redeclaring math symbol \nshortparallel on input line 1508.

LaTeX Font Info:    Redeclaring math symbol \nvdash on input line 1509.
LaTeX Font Info:    Redeclaring math symbol \nVdash on input line 1510.
LaTeX Font Info:    Redeclaring math symbol \nvDash on input line 1511.
LaTeX Font Info:    Redeclaring math symbol \nVDash on input line 1512.
LaTeX Font Info:    Redeclaring math symbol \ntrianglerighteq on input line 151
3.
LaTeX Font Info:    Redeclaring math symbol \ntrianglelefteq on input line 1514
.
LaTeX Font Info:    Redeclaring math symbol \ntriangleleft on input line 1515.
LaTeX Font Info:    Redeclaring math symbol \ntriangleright on input line 1516.

LaTeX Font Info:    Redeclaring math symbol \nleftarrow on input line 1517.
LaTeX Font Info:    Redeclaring math symbol \nrightarrow on input line 1518.
LaTeX Font Info:    Redeclaring math symbol \nLeftarrow on input line 1519.
LaTeX Font Info:    Redeclaring math symbol \nRightarrow on input line 1520.
LaTeX Font Info:    Redeclaring math symbol \nLeftrightarrow on input line 1521
.
LaTeX Font Info:    Redeclaring math symbol \nleftrightarrow on input line 1522
.
LaTeX Font Info:    Redeclaring math symbol \divideontimes on input line 1523.
LaTeX Font Info:    Redeclaring math symbol \varnothing on input line 1524.
LaTeX Font Info:    Redeclaring math symbol \nexists on input line 1525.
LaTeX Font Info:    Redeclaring math symbol \Finv on input line 1526.
LaTeX Font Info:    Redeclaring math symbol \Game on input line 1527.
LaTeX Font Info:    Redeclaring math symbol \eth on input line 1529.
LaTeX Font Info:    Redeclaring math symbol \eqsim on input line 1530.
LaTeX Font Info:    Redeclaring math symbol \beth on input line 1531.
LaTeX Font Info:    Redeclaring math symbol \gimel on input line 1532.
LaTeX Font Info:    Redeclaring math symbol \daleth on input line 1533.
LaTeX Font Info:    Redeclaring math symbol \lessdot on input line 1534.
LaTeX Font Info:    Redeclaring math symbol \gtrdot on input line 1535.
LaTeX Font Info:    Redeclaring math symbol \ltimes on input line 1536.
LaTeX Font Info:    Redeclaring math symbol \rtimes on input line 1537.
LaTeX Font Info:    Redeclaring math symbol \shortmid on input line 1538.
LaTeX Font Info:    Redeclaring math symbol \shortparallel on input line 1539.
LaTeX Font Info:    Redeclaring math symbol \thicksim on input line 1541.
LaTeX Font Info:    Redeclaring math symbol \thickapprox on input line 1542.
LaTeX Font Info:    Redeclaring math symbol \approxeq on input line 1543.
LaTeX Font Info:    Redeclaring math symbol \succapprox on input line 1544.
LaTeX Font Info:    Redeclaring math symbol \precapprox on input line 1545.
LaTeX Font Info:    Redeclaring math symbol \curvearrowleft on input line 1546.

LaTeX Font Info:    Redeclaring math symbol \curvearrowright on input line 1547
.
LaTeX Font Info:    Redeclaring math symbol \backepsilon on input line 1549.
)
(/usr/share/texmf-texlive/tex/latex/hyperref/xr-hyper.sty
Package: xr-hyper 2000/03/22 v6.00beta4 eXternal References (DPC)
)
(/usr/share/texmf-texlive/tex/latex/hyperref/hyperref.sty
Package: hyperref 2007/02/07 v6.75r Hypertext links for LaTeX
\@linkdim=\dimen126
\Hy@linkcounter=\count143
\Hy@pagecounter=\count144

(/usr/share/texmf-texlive/tex/latex/hyperref/pd1enc.def
File: pd1enc.def 2007/02/07 v6.75r Hyperref: PDFDocEncoding definition (HO)
)
(/etc/texmf/tex/latex/config/hyperref.cfg
File: hyperref.cfg 2002/06/06 v1.2 hyperref configuration of TeXLive
)
(/usr/share/texmf-texlive/tex/latex/oberdiek/kvoptions.sty
Package: kvoptions 2006/08/22 v2.4 Connects package keyval with LaTeX options (
HO)
)
Package hyperref Info: Option `bookmarksopen' set `true' on input line 2238.
Package hyperref Info: Option `bookmarksnumbered' set `true' on input line 2238
.
Package hyperref Info: Option `colorlinks' set `true' on input line 2238.
Package hyperref Info: Option `linktocpage' set `true' on input line 2238.
Package hyperref Info: Hyper figures OFF on input line 2288.
Package hyperref Info: Link nesting OFF on input line 2293.
Package hyperref Info: Hyper index ON on input line 2296.
Package hyperref Info: Plain pages OFF on input line 2303.
Package hyperref Info: Backreferencing ON on input line 2306.

Implicit mode ON; LaTeX internals redefined
Package hyperref Info: Bookmarks ON on input line 2444.
(/usr/share/texmf-texlive/tex/latex/hyperref/backref.sty
Package: backref 2006/10/06 v1.27 Bibliographical back referencing
)
(/usr/share/texmf-texlive/tex/latex/ltxmisc/url.sty
\Urlmuskip=\muskip11
Package: url 2005/06/27  ver 3.2  Verb mode for urls, etc.
)
LaTeX Info: Redefining \url on input line 2599.
\Fld@menulength=\count145
\Field@Width=\dimen127
\Fld@charsize=\dimen128
\Choice@toks=\toks29
\Field@toks=\toks30
Package hyperref Info: Hyper figures OFF on input line 3102.
Package hyperref Info: Link nesting OFF on input line 3107.
Package hyperref Info: Hyper index ON on input line 3110.
Package hyperref Info: backreferencing ON on input line 3115.
Package hyperref Info: Link coloring ON on input line 3120.
\Hy@abspage=\count146
\c@Item=\count147
\c@Hfootnote=\count148
)
*hyperref using default driver hpdftex*
(/usr/share/texmf-texlive/tex/latex/hyperref/hpdftex.def
File: hpdftex.def 2007/02/07 v6.75r Hyperref driver for pdfTeX
\Fld@listcount=\count149
)
\@chapprobs=\write4
\ref@chapter=\count150
\idxtitle@glo=\toks31
\tf@glo=\write5
\openout5 = `cp12m.gdx'.

Package index Info: Writing index file cp12m.gdx on input line 526.

(/usr/share/texmf-texlive/tex/latex/changebar/changebar.sty
Package: changebar 2005/09/18 v3.5c Indicate changes with marginal bars
\cb@nextpoint=\count151
\cb@topleft=\count152
\cb@topright=\count153
\cb@botleft=\count154
\cb@botright=\count155
\cb@cnta=\count156
\cb@cntb=\count157
\cb@dima=\dimen129
\cb@curbarwd=\dimen130
\cb@page=\count158
\cb@pagecount=\count159
\cb@odd@left=\dimen131
\cb@odd@right=\dimen132
\cb@even@left=\dimen133
\cb@even@right=\dimen134
\cb@writexy=\write6
\cb@readxy=\read2
\openout6 = `cp12m.cb2'.

\changebarwidth=\skip57
\deletebarwidth=\skip58
\changebarsep=\skip59
\c@changebargrey=\count160
\cb@write=\write7
\cb@read=\read3
\openout7 = `cp12m.cb'.

)
\strutheight=\skip60

(/afs/csail.mit.edu/u/i/igor_m/trunk/macros/chessboard/chessboard.sty
Package: chessboard 2007/12/20 v1.5 print chessboards

(/afs/csail.mit.edu/u/i/igor_m/trunk/macros/chessfss/chessfss.sty
Package: chessfss 2006/06/14 v1.2a chess font selection scheme

(/usr/share/texmf-texlive/tex/latex/xkeyval/xkeyval.sty
Package: xkeyval 2006/11/18 v2.5f package option processing (HA)

(/usr/share/texmf-texlive/tex/latex/xkeyval/xkeyval.tex
\XKV@toks=\toks32
\XKV@depth=\count161
File: xkeyval.tex 2006/11/18 v2.5f key=value parser (HA)
))
(/afs/csail.mit.edu/u/i/igor_m/trunk/macros/chessfss/lsbenc.def
File: lsbenc.def 2006/06/09 v1.2 Standard LaTeX file
)
(/afs/csail.mit.edu/u/i/igor_m/trunk/macros/chessfss/lsfenc.def
File: lsfenc.def 2006/06/09 v1.2 Standard LaTeX file
)
(/afs/csail.mit.edu/u/i/igor_m/trunk/macros/chessfss/lsienc.def
File: lsienc.def 2006/06/09 v1.2 Standard LaTeX file
)
\len@cfss@squarewidth=\skip61
\len@cfss@squaretotalheight=\skip62
\len@cfss@squaredepth=\skip63


Package chessfss Warning: \comment already defined 
(chessfss)                I will not overwrite it on input line 590.

LaTeX Info: Redefining \etc on input line 665.
) (/usr/share/texmf-texlive/tex/latex/xifthen/xifthen.sty
Package: xifthen 2006/03/25 v1.1.1.1 Extended ifthen features

(/usr/share/texmf-texlive/tex/latex/etex/etex.sty
Package: etex 1998/03/26 v2.0 eTeX basic definition package (PEB)
\et@xins=\count162
)
(/usr/share/texmf-texlive/tex/latex/ltxmisc/ifmtarg.sty
Package: ifmtarg 2000/03/24 v1.2 check for an empty argument
))
(/usr/share/texmf-texlive/tex/generic/oberdiek/ifpdf.sty
Package: ifpdf 2006/02/20 v1.4 Provides the ifpdf switch (HO)
Package ifpdf Info: pdfTeX in pdf mode detected.
)
(/usr/share/texmf/tex/latex/pgf/basiclayer/pgfcore.sty
(/usr/share/texmf/tex/latex/pgf/systemlayer/pgfsys.sty
(/usr/share/texmf/tex/latex/pgf/utilities/pgfrcs.sty
(/usr/share/texmf/tex/generic/pgf/utilities/pgfutil-common.tex
\pgfutil@everybye=\toks33
)
(/usr/share/texmf/tex/generic/pgf/utilities/pgfutil-latex.def)
(/usr/share/texmf/tex/generic/pgf/utilities/pgfrcs.code.tex
Package: pgfrcs 2008/02/20 v2.00 (rcs-revision 1.21)
))
(/usr/share/texmf/tex/generic/pgf/systemlayer/pgfsys.code.tex
Package: pgfsys 2008/02/07 v2.00 (rcs-revision 1.31)

(/usr/share/texmf/tex/generic/pgf/utilities/pgfkeys.code.tex
\pgfkeys@pathtoks=\toks34
\pgfkeys@temptoks=\toks35
)
\pgf@x=\dimen135
\pgf@y=\dimen136
\pgf@xa=\dimen137
\pgf@ya=\dimen138
\pgf@xb=\dimen139
\pgf@yb=\dimen140
\pgf@xc=\dimen141
\pgf@yc=\dimen142
\c@pgf@counta=\count163
\c@pgf@countb=\count164
\c@pgf@countc=\count165
\c@pgf@countd=\count166

(/usr/share/texmf/tex/generic/pgf/systemlayer/pgf.cfg
File: pgf.cfg 2008/01/13  (rcs-revision 1.6)
)
Package pgfsys Info: Driver file for pgf: pgfsys-pdftex.def on input line 885.

(/usr/share/texmf/tex/generic/pgf/systemlayer/pgfsys-pdftex.def
File: pgfsys-pdftex.def 2007/12/20  (rcs-revision 1.20)

(/usr/share/texmf/tex/generic/pgf/systemlayer/pgfsys-common-pdf.def
File: pgfsys-common-pdf.def 2007/12/17  (rcs-revision 1.8)
)))
(/usr/share/texmf/tex/generic/pgf/systemlayer/pgfsyssoftpath.code.tex
File: pgfsyssoftpath.code.tex 2008/01/23  (rcs-revision 1.6)
\pgfsyssoftpath@smallbuffer@items=\count167
\pgfsyssoftpath@bigbuffer@items=\count168
)
(/usr/share/texmf/tex/generic/pgf/systemlayer/pgfsysprotocol.code.tex
File: pgfsysprotocol.code.tex 2006/10/16  (rcs-revision 1.4)
))
(/usr/share/texmf/tex/latex/xcolor/xcolor.sty
Package: xcolor 2007/01/21 v2.11 LaTeX color extensions (UK)

(/etc/texmf/tex/latex/config/color.cfg
File: color.cfg 2007/01/18 v1.5 color configuration of teTeX/TeXLive
)
Package xcolor Info: Driver file: pdftex.def on input line 225.
LaTeX Info: Redefining \color on input line 702.
Package xcolor Info: Model `cmy' substituted by `cmy0' on input line 1337.
Package xcolor Info: Model `hsb' substituted by `rgb' on input line 1341.
Package xcolor Info: Model `RGB' extended on input line 1353.
Package xcolor Info: Model `HTML' substituted by `rgb' on input line 1355.
Package xcolor Info: Model `Hsb' substituted by `hsb' on input line 1356.
Package xcolor Info: Model `tHsb' substituted by `hsb' on input line 1357.
Package xcolor Info: Model `HSB' substituted by `hsb' on input line 1358.
Package xcolor Info: Model `Gray' substituted by `gray' on input line 1359.
Package xcolor Info: Model `wave' substituted by `hsb' on input line 1360.
)
(/usr/share/texmf/tex/generic/pgf/basiclayer/pgfcore.code.tex
Package: pgfcore 2008/01/15 v2.00 (rcs-revision 1.6)

(/usr/share/texmf/tex/generic/pgf/math/pgfmath.code.tex
(/usr/share/texmf/tex/generic/pgf/math/pgfmathcalc.code.tex
(/usr/share/texmf/tex/generic/pgf/math/pgfmathutil.code.tex
\pgfmath@box=\box38
)
(/usr/share/texmf/tex/generic/pgf/math/pgfmathparser.code.tex
\pgfmath@stack=\toks36
\c@pgfmath@parsecounta=\count169
\c@pgfmath@parsecountb=\count170
\c@pgfmath@parsecountc=\count171
\pgfmath@parsex=\dimen143
)
(/usr/share/texmf/tex/generic/pgf/math/pgfmathoperations.code.tex
(/usr/share/texmf/tex/generic/pgf/math/pgfmathtrig.code.tex)
(/usr/share/texmf/tex/generic/pgf/math/pgfmathrnd.code.tex))
(/usr/share/texmf/tex/generic/pgf/math/pgfmathbase.code.tex)))
(/usr/share/texmf/tex/generic/pgf/basiclayer/pgfcorepoints.code.tex
File: pgfcorepoints.code.tex 2008/02/03  (rcs-revision 1.13)
\pgf@picminx=\dimen144
\pgf@picmaxx=\dimen145
\pgf@picminy=\dimen146
\pgf@picmaxy=\dimen147
\pgf@pathminx=\dimen148
\pgf@pathmaxx=\dimen149
\pgf@pathminy=\dimen150
\pgf@pathmaxy=\dimen151
\pgf@xx=\dimen152
\pgf@xy=\dimen153
\pgf@yx=\dimen154
\pgf@yy=\dimen155
\pgf@zx=\dimen156
\pgf@zy=\dimen157
)
(/usr/share/texmf/tex/generic/pgf/basiclayer/pgfcorepathconstruct.code.tex
File: pgfcorepathconstruct.code.tex 2008/02/13  (rcs-revision 1.14)
\pgf@path@lastx=\dimen158
\pgf@path@lasty=\dimen159
)
(/usr/share/texmf/tex/generic/pgf/basiclayer/pgfcorepathusage.code.tex
File: pgfcorepathusage.code.tex 2008/01/23  (rcs-revision 1.11)
\pgf@shorten@end@additional=\dimen160
\pgf@shorten@start@additional=\dimen161
)
(/usr/share/texmf/tex/generic/pgf/basiclayer/pgfcorescopes.code.tex
File: pgfcorescopes.code.tex 2008/01/15  (rcs-revision 1.26)
\pgfpic=\box39
\pgf@hbox=\box40
\pgf@layerbox@main=\box41
\pgf@picture@serial@count=\count172
)
(/usr/share/texmf/tex/generic/pgf/basiclayer/pgfcoregraphicstate.code.tex
File: pgfcoregraphicstate.code.tex 2007/12/12  (rcs-revision 1.8)
\pgflinewidth=\dimen162
)
(/usr/share/texmf/tex/generic/pgf/basiclayer/pgfcoretransformations.code.tex
File: pgfcoretransformations.code.tex 2008/02/04  (rcs-revision 1.10)
\pgf@pt@x=\dimen163
\pgf@pt@y=\dimen164
\pgf@pt@temp=\dimen165
)
(/usr/share/texmf/tex/generic/pgf/basiclayer/pgfcorequick.code.tex
File: pgfcorequick.code.tex 2006/10/11  (rcs-revision 1.2)
)
(/usr/share/texmf/tex/generic/pgf/basiclayer/pgfcoreobjects.code.tex
File: pgfcoreobjects.code.tex 2006/10/11  (rcs-revision 1.2)
)
(/usr/share/texmf/tex/generic/pgf/basiclayer/pgfcorepathprocessing.code.tex
File: pgfcorepathprocessing.code.tex 2008/01/23  (rcs-revision 1.7)
)
(/usr/share/texmf/tex/generic/pgf/basiclayer/pgfcorearrows.code.tex
File: pgfcorearrows.code.tex 2007/06/07  (rcs-revision 1.8)
)
(/usr/share/texmf/tex/generic/pgf/basiclayer/pgfcoreshade.code.tex
File: pgfcoreshade.code.tex 2007/12/10  (rcs-revision 1.9)
\pgf@max=\dimen166
\pgf@sys@shading@range@num=\count173
)
(/usr/share/texmf/tex/generic/pgf/basiclayer/pgfcoreimage.code.tex
File: pgfcoreimage.code.tex 2008/01/15  (rcs-revision 1.1)
\pgfexternal@startupbox=\box42
)
(/usr/share/texmf/tex/generic/pgf/basiclayer/pgfcorelayers.code.tex
File: pgfcorelayers.code.tex 2008/01/15  (rcs-revision 1.1)
)
(/usr/share/texmf/tex/generic/pgf/basiclayer/pgfcoretransparency.code.tex
File: pgfcoretransparency.code.tex 2008/01/17  (rcs-revision 1.2)
)
(/usr/share/texmf/tex/generic/pgf/basiclayer/pgfcorepatterns.code.tex
File: pgfcorepatterns.code.tex 2008/01/15  (rcs-revision 1.1)
)))
(/usr/share/texmf/tex/latex/pgf/basiclayer/pgfbaseshapes.sty

Package pgf Warning: This package is obsolete. Use \usepgfmodule{shapes} instea
d on input line 13.

(/usr/share/texmf/tex/generic/pgf/modules/pgfmoduleshapes.code.tex
File: pgfmoduleshapes.code.tex 2008/02/13  (rcs-revision 1.4)
\pgfnodeparttextbox=\box43
\toks@savedmacro=\toks37
))
\len@board@tempx=\skip64
\len@board@tempy=\skip65
\c@cnt@board@file=\count174
\c@cnt@board@rank=\count175
\c@cnt@board=\count176
\c@filelabel=\count177
\c@ranklabel=\count178

(/afs/csail.mit.edu/u/i/igor_m/trunk/macros/chessboard/chessboard-keys-main.sty
File: chessboard-keys-main.sty 2007/12/20 key definitions for chessboard.sty v1
.5 
)
(/afs/csail.mit.edu/u/i/igor_m/trunk/macros/chessboard/chessboard-keys-pgf.sty
File: chessboard-keys-pgf.sty 2007/12/20 key definitions for chessboard.sty v1.
5
) (/afs/csail.mit.edu/u/i/igor_m/trunk/macros/chessboard/chessboard-pgf.sty
File: chessboard-pgf.sty 2007/12/20 pgf code for chessboard v1.5
))
\@figuresextra=\box44
\c@theorem=\count179
\c@mathrule=\count180
\c@algorithm=\count181
\standardproblemsep=\skip66
\standardproblempartsep=\skip67
\problemsep=\skip68
\problempartsep=\skip69
\c@problem=\count182
\c@problempart=\count183
\fminibox=\box45
\fminilength=\skip70

(/usr/share/texmf-texlive/tex/latex/geometry/geometry.sty
Package: geometry 2002/07/08 v3.2 Page Geometry
\Gm@cnth=\count184
\Gm@cntv=\count185
\c@Gm@tempcnt=\count186
\Gm@bindingoffset=\dimen167
\Gm@wd@mp=\dimen168
\Gm@odd@mp=\dimen169
\Gm@even@mp=\dimen170
\Gm@dimlist=\toks38
)
(/usr/share/texmf-texlive/tex/latex/crop/crop.sty
Package: crop 2003/05/20 v1.9 crop marks (mf)
\stockwidth=\dimen171
\stockheight=\dimen172
\CROP@index=\count187
\CROP@offset=\count188
)
\titlehang=\skip71
\titlewidth=\skip72

(/afs/csail.mit.edu/u/i/igor_m/trunk/fall11/00course.dat)
(/afs/csail.mit.edu/u/i/igor_m/trunk/macros/handout.clo
File: handout.clo 


Package xr Warning: 
No file mcs.aux
LABELS NOT IMPORTED.
 on input line 3.

) (/afs/csail.mit.edu/u/i/igor_m/trunk/.solutionspolicy))
(/afs/csail.mit.edu/u/i/igor_m/trunk/fall11/cp12m.aux)
\openout1 = `cp12m.aux'.

LaTeX Font Info:    Checking defaults for OML/cmm/m/it on input line 3.
LaTeX Font Info:    ... okay on input line 3.
LaTeX Font Info:    Checking defaults for T1/cmr/m/n on input line 3.
LaTeX Font Info:    ... okay on input line 3.
LaTeX Font Info:    Checking defaults for OT1/cmr/m/n on input line 3.
LaTeX Font Info:    ... okay on input line 3.
LaTeX Font Info:    Checking defaults for OMS/cmsy/m/n on input line 3.
LaTeX Font Info:    ... okay on input line 3.
LaTeX Font Info:    Checking defaults for OMX/cmex/m/n on input line 3.
LaTeX Font Info:    ... okay on input line 3.
LaTeX Font Info:    Checking defaults for U/cmr/m/n on input line 3.
LaTeX Font Info:    ... okay on input line 3.
LaTeX Font Info:    Checking defaults for TS1/cmr/m/n on input line 3.
LaTeX Font Info:    Try loading font information for TS1+cmr on input line 3.

(/usr/share/texmf-texlive/tex/latex/base/ts1cmr.fd
File: ts1cmr.fd 1999/05/25 v2.5h Standard LaTeX font definitions
)
LaTeX Font Info:    ... okay on input line 3.
LaTeX Font Info:    Checking defaults for LMP1/mtt/m/it on input line 3.
LaTeX Font Info:    ... okay on input line 3.
LaTeX Font Info:    Checking defaults for LMP2/mtt/m/n on input line 3.
LaTeX Font Info:    ... okay on input line 3.
LaTeX Font Info:    Checking defaults for LMP3/mtt/m/n on input line 3.
LaTeX Font Info:    ... okay on input line 3.
LaTeX Font Info:    Checking defaults for PD1/pdf/m/n on input line 3.
LaTeX Font Info:    ... okay on input line 3.
LaTeX Font Info:    Checking defaults for LSB/skaknew/m/n on input line 3.
LaTeX Font Info:    Try loading font information for LSB+skaknew on input line 
3.

(/afs/csail.mit.edu/u/i/igor_m/trunk/macros/chessfss/lsbskaknew.fd
File: lsbskaknew.fd 2006/03/31 v1.0 Chess font definitions
)
LaTeX Font Info:    ... okay on input line 3.
LaTeX Font Info:    Checking defaults for LSF/skaknew/m/n on input line 3.
LaTeX Font Info:    Try loading font information for LSF+skaknew on input line 
3.

(/afs/csail.mit.edu/u/i/igor_m/trunk/macros/chessfss/lsfskaknew.fd
File: lsfskaknew.fd 2006/03/31 v1.0 Chess font definitions
)
LaTeX Font Info:    ... okay on input line 3.
LaTeX Font Info:    Checking defaults for LSI/skaknew/m/n on input line 3.
LaTeX Font Info:    Try loading font information for LSI+skaknew on input line 
3.

(/afs/csail.mit.edu/u/i/igor_m/trunk/macros/chessfss/lsiskaknew.fd
File: lsiskaknew.fd 2006/03/31 v1.0 Chess font definitions
)
LaTeX Font Info:    ... okay on input line 3.

(/usr/share/texmf-texlive/tex/latex/ragged2e/ragged2e.sty
Package: ragged2e 2003/03/25 v2.04 ragged2e Package (MS)

(/usr/share/texmf-texlive/tex/latex/everysel/everysel.sty
Package: everysel 1999/06/08 v1.03 EverySelectfont Package (MS)
LaTeX Info: Redefining \selectfont on input line 125.
)
\CenteringLeftskip=\skip73
\RaggedLeftLeftskip=\skip74
\RaggedRightLeftskip=\skip75
\CenteringRightskip=\skip76
\RaggedLeftRightskip=\skip77
\RaggedRightRightskip=\skip78
\CenteringParfillskip=\skip79
\RaggedLeftParfillskip=\skip80
\RaggedRightParfillskip=\skip81
\JustifyingParfillskip=\skip82
\CenteringParindent=\skip83
\RaggedLeftParindent=\skip84
\RaggedRightParindent=\skip85
\JustifyingParindent=\skip86
)
Package caption Info: hyperref package v6.74m (or newer) detected on input line
 3.
Package caption Info: subref 1.2 or 1.3 detected on input line 3.
LaTeX Info: Redefining \subref on input line 3.
Package hyperref Info: Link coloring ON on input line 3.

(/usr/share/texmf-texlive/tex/latex/hyperref/nameref.sty
Package: nameref 2006/12/27 v2.28 Cross-referencing by name of section

(/usr/share/texmf-texlive/tex/latex/oberdiek/refcount.sty
Package: refcount 2006/02/20 v3.0 Data extraction from references (HO)
)
\c@section@level=\count189
)
LaTeX Info: Redefining \ref on input line 3.
LaTeX Info: Redefining \pageref on input line 3.

(/afs/csail.mit.edu/u/i/igor_m/trunk/fall11/cp12m.out)
(/afs/csail.mit.edu/u/i/igor_m/trunk/fall11/cp12m.out)
\@outlinefile=\write8
\openout8 = `cp12m.out'.



Problems *INCLUDED*.


Solutions *NOT INCLUDED*.


Staff notes *NOT INCLUDED*.


Editing notes *NOT INCLUDED*.

-------------------- Geometry parameters
paper: user defined
landscape: --
twocolumn: --
twoside: true
asymmetric: true
h-parts: 72.26999pt, 469.75499pt, 72.27002pt
v-parts: 24.0pt, 716.96999pt, 54.0pt
hmarginratio: --
vmarginratio: --
lines: --
heightrounded: --
bindingoffset: 0.0pt
truedimen: --
includehead: true
includefoot: --
includemp: --
driver: pdftex
-------------------- Page layout dimensions and switches
\paperwidth  614.295pt
\paperheight 794.96999pt
\textwidth  469.75499pt
\textheight 685.09619pt
\oddsidemargin  0.0pt
\evensidemargin 0.0pt
\topmargin  -48.26999pt
\headheight 12.0pt
\headsep    19.8738pt
\footskip   27.46295pt
\marginparwidth 114.54pt
\marginparsep   15.0pt
\columnsep  10.0pt
\skip\footins  10.0pt plus 4.0pt minus 2.0pt
\hoffset 0.0pt
\voffset 0.0pt
\mag 1000
\@twosidetrue \@reversemargintrue 
(1in=72.27pt, 1cm=28.45pt)
-----------------------
Package crop Info: requested driver: `' on input line 3.
Package crop Info: detected driver: `pdftex' on input line 3.
Package crop Info: using `pdftex' graphics driver on input line 3.
LaTeX Font Info:    Try loading font information for U+msb on input line 5.
(/usr/share/texmf-texlive/tex/latex/amsfonts/umsb.fd
File: umsb.fd 2002/01/19 v2.2g AMS font definitions
)
LaTeX Font Info:    Font shape `OT1/ptm/bx/n' in size <14.4> not available
(Font)              Font shape `OT1/ptm/b/n' tried instead on input line 5.
LaTeX Font Warning: Font shape `U/msb/m/n' in size <5.5> not available
(Font)              size <5> substituted on input line 5.

<by-nc-sa.pdf, id=38, 120.45pt x 42.1575pt>
File: by-nc-sa.pdf Graphic file (type pdf)
 <use by-nc-sa.pdf>
(/afs/csail.mit.edu/u/i/igor_m/trunk/problems/CP_binom_coeff.tex
LaTeX Font Info:    Font shape `OT1/ptm/bx/n' in size <10.95> not available
(Font)              Font shape `OT1/ptm/b/n' tried instead on input line 18.
)
(/afs/csail.mit.edu/u/i/igor_m/trunk/problems/CP_multinomial_theorem.tex)
(/afs/csail.mit.edu/u/i/igor_m/trunk/problems/CP_multinomial_fermat.tex

LaTeX Warning: Reference `B-multinom-thm' on page 1 undefined on input line 24.



LaTeX Warning: Reference `B-fermat_little' on page 1 undefined on input line 49
.

) (/afs/csail.mit.edu/u/i/igor_m/trunk/problems/CP_startup.tex [1{/afs/csail.mi
t.edu/u/i/igor_m/trunk/macros/mtp2fonts/texmf/fonts/map/pdftex/pdftex.map}
Non-PDF special ignored!

 </afs/csail.mit.edu/u/i/igor_m/trunk/macros/by-nc-sa.pdf>]) (/afs/csail.mit.ed
u/u/i/igor_m/trunk/problems/CP_com_proof.tex)
(/afs/csail.mit.edu/u/i/igor_m/trunk/problems/CP_bit_string.tex) [2]
(/afs/csail.mit.edu/u/i/igor_m/trunk/fall11/cp12m.aux)
LaTeX Font Warning: Size substitutions with differences
(Font)              up to 0.5pt have occurred.


LaTeX Warning: There were undefined references.

 ) 
Here is how much of TeX's memory you used:
 14683 strings out of 94101
 236375 string characters out of 1165809
 325050 words of memory out of 1500000
 17573 multiletter control sequences out of 10000+50000
 86387 words of font info for 74 fonts, out of 1200000 for 2000
 637 hyphenation exceptions out of 8191
 50i,11n,75p,321b,501s stack positions out of 5000i,500n,6000p,200000b,5000s
{/usr/share/texmf-texlive/fonts/enc/dvips/base/8r.enc}</usr/share/texmf-texli
ve/fonts/type1/bluesky/ams/msbm7.pfb></afs/csail.mit.edu/u/i/igor_m/trunk/macro
s/mtp2fonts/texmf/fonts/type1/pctex/mtpro2/mt2exa.pfb></afs/csail.mit.edu/u/i/i
gor_m/trunk/macros/mtp2fonts/texmf/fonts/type1/pctex/mtpro2/mt2mif.pfb></afs/cs
ail.mit.edu/u/i/igor_m/trunk/macros/mtp2fonts/texmf/fonts/type1/pctex/mtpro2/mt
2mis.pfb></afs/csail.mit.edu/u/i/igor_m/trunk/macros/mtp2fonts/texmf/fonts/type
1/pctex/mtpro2/mt2mit.pfb></afs/csail.mit.edu/u/i/igor_m/trunk/macros/mtp2fonts
/texmf/fonts/type1/pctex/mtpro2/mt2sys.pfb></afs/csail.mit.edu/u/i/igor_m/trunk
/macros/mtp2fonts/texmf/fonts/type1/pctex/mtpro2/mt2syt.pfb></usr/share/texmf-t
exlive/fonts/type1/urw/times/utmb8a.pfb></usr/share/texmf-texlive/fonts/type1/u
rw/times/utmr8a.pfb></usr/share/texmf-texlive/fonts/type1/urw/times/utmr8a.pfb>
</usr/share/texmf-texlive/fonts/type1/urw/times/utmri8a.pfb>
Output written on cp12m.pdf (2 pages, 126077 bytes).
PDF statistics:
 133 PDF objects out of 1000 (max. 8388607)
 32 named destinations out of 1000 (max. 131072)
 82 words of extra memory for PDF output out of 10000 (max. 10000000)

