\BOOKMARK [1][]{Problem1.1}{Problem 1}{}% 1
\BOOKMARK [2][]{Problem1a.2}{\(a\)}{Problem1.1}% 2
\BOOKMARK [2][]{Problem1b.2}{\(b\)}{Problem1.1}% 3
\BOOKMARK [1][]{Problem2.1}{Problem 2}{}% 4
\BOOKMARK [2][]{Problem2a.2}{\(a\)}{Problem2.1}% 5
\BOOKMARK [2][]{Problem2b.2}{\(b\)}{Problem2.1}% 6
\BOOKMARK [1][]{Problem3.1}{Problem 3}{}% 7
\BOOKMARK [2][]{Problem3a.2}{\(a\)}{Problem3.1}% 8
\BOOKMARK [2][]{Problem3b.2}{\(b\)}{Problem3.1}% 9
\BOOKMARK [1][]{Problem4.1}{Problem 4}{}% 10
\BOOKMARK [2][]{Problem4a.2}{\(a\)}{Problem4.1}% 11
\BOOKMARK [2][]{Problem4b.2}{\(b\)}{Problem4.1}% 12
\BOOKMARK [1][]{Problem5.1}{Problem 5}{}% 13
\BOOKMARK [2][]{Problem5a.2}{\(a\)}{Problem5.1}% 14
\BOOKMARK [2][]{Problem5b.2}{\(b\)}{Problem5.1}% 15
\BOOKMARK [1][]{Problem6.1}{Problem 6}{}% 16
\BOOKMARK [2][]{Problem6a.2}{\(a\)}{Problem6.1}% 17
\BOOKMARK [2][]{Problem6b.2}{\(b\)}{Problem6.1}% 18
\BOOKMARK [2][]{Problem6c.2}{\(c\)}{Problem6.1}% 19
\BOOKMARK [2][]{Problem6d.2}{\(d\)}{Problem6.1}% 20
