\BOOKMARK [1][]{Problem1.1}{Problem 1}{}% 1
\BOOKMARK [2][]{Problem1a.2}{\(a\)}{Problem1.1}% 2
\BOOKMARK [2][]{Problem1b.2}{\(b\)}{Problem1.1}% 3
\BOOKMARK [2][]{Problem1c.2}{\(c\)}{Problem1.1}% 4
\BOOKMARK [2][]{Problem1d.2}{\(d\)}{Problem1.1}% 5
\BOOKMARK [1][]{Problem2.1}{Problem 2}{}% 6
\BOOKMARK [2][]{Problem2a.2}{\(a\)}{Problem2.1}% 7
\BOOKMARK [2][]{Problem2b.2}{\(b\)}{Problem2.1}% 8
\BOOKMARK [2][]{Problem2c.2}{\(c\)}{Problem2.1}% 9
\BOOKMARK [2][]{Problem2d.2}{\(d\)}{Problem2.1}% 10
\BOOKMARK [2][]{Problem2e.2}{\(e\)}{Problem2.1}% 11
\BOOKMARK [1][]{Problem3.1}{Problem 3}{}% 12
\BOOKMARK [2][]{Problem3a.2}{\(a\)}{Problem3.1}% 13
\BOOKMARK [2][]{Problem3b.2}{\(b\)}{Problem3.1}% 14
\BOOKMARK [2][]{Problem3c.2}{\(c\)}{Problem3.1}% 15
\BOOKMARK [2][]{Problem3d.2}{\(d\)}{Problem3.1}% 16
\BOOKMARK [1][]{Problem4.1}{Problem 4}{}% 17
\BOOKMARK [2][]{Problem4a.2}{\(a\)}{Problem4.1}% 18
\BOOKMARK [2][]{Problem4b.2}{\(b\)}{Problem4.1}% 19
\BOOKMARK [2][]{Problem4c.2}{\(c\)}{Problem4.1}% 20
\BOOKMARK [2][]{Problem4d.2}{\(d\)}{Problem4.1}% 21
\BOOKMARK [1][]{Problem5.1}{Problem 5}{}% 22
\BOOKMARK [1][]{Problem6.1}{Problem 6}{}% 23
\BOOKMARK [2][]{Problem6a.2}{\(a\)}{Problem6.1}% 24
\BOOKMARK [2][]{Problem6b.2}{\(b\)}{Problem6.1}% 25
\BOOKMARK [2][]{Problem6c.2}{\(c\)}{Problem6.1}% 26
