\BOOKMARK [1][]{Problem1.1}{Problem 1}{}% 1
\BOOKMARK [2][]{Problem1a.2}{\(a\)}{Problem1.1}% 2
\BOOKMARK [1][]{Problem2.1}{Problem 2}{}% 3
\BOOKMARK [1][]{Problem3.1}{Problem 3}{}% 4
\BOOKMARK [1][]{Problem4.1}{Problem 4}{}% 5
\BOOKMARK [2][]{Problem4a.2}{\(a\)}{Problem4.1}% 6
\BOOKMARK [2][]{Problem4b.2}{\(b\)}{Problem4.1}% 7
\BOOKMARK [2][]{Problem4c.2}{\(c\)}{Problem4.1}% 8
\BOOKMARK [2][]{Problem4d.2}{\(d\)}{Problem4.1}% 9
\BOOKMARK [1][]{Problem5.1}{Problem 5}{}% 10
\BOOKMARK [1][]{Problem6.1}{Problem 6}{}% 11
\BOOKMARK [2][]{Problem6a.2}{\(a\)}{Problem6.1}% 12
\BOOKMARK [2][]{Problem6b.2}{\(b\)}{Problem6.1}% 13
\BOOKMARK [1][]{Problem7.1}{Problem 7}{}% 14
\BOOKMARK [2][]{Problem7a.2}{\(a\)}{Problem7.1}% 15
\BOOKMARK [2][]{Problem7b.2}{\(b\)}{Problem7.1}% 16
\BOOKMARK [1][]{Problem8.1}{Problem 8}{}% 17
\BOOKMARK [2][]{Problem8a.2}{\(a\)}{Problem8.1}% 18
\BOOKMARK [2][]{Problem8b.2}{\(b\)}{Problem8.1}% 19
\BOOKMARK [2][]{Problem8c.2}{\(c\)}{Problem8.1}% 20
\BOOKMARK [2][]{Problem8d.2}{\(d\)}{Problem8.1}% 21
\BOOKMARK [2][]{Problem8e.2}{\(e\)}{Problem8.1}% 22
