\BOOKMARK [1][]{Problem1.1}{Problem 1}{}% 1
\BOOKMARK [2][]{Problem1a.2}{\(a\)}{Problem1.1}% 2
\BOOKMARK [2][]{Problem1b.2}{\(b\)}{Problem1.1}% 3
\BOOKMARK [1][]{Problem2.1}{Problem 2}{}% 4
\BOOKMARK [1][]{Problem3.1}{Problem 3}{}% 5
\BOOKMARK [2][]{Problem3a.2}{\(a\)}{Problem3.1}% 6
\BOOKMARK [2][]{Problem3b.2}{\(b\)}{Problem3.1}% 7
\BOOKMARK [2][]{Problem3c.2}{\(c\)}{Problem3.1}% 8
\BOOKMARK [1][]{Problem4.1}{Problem 4}{}% 9
\BOOKMARK [2][]{Problem4a.2}{\(a\)}{Problem4.1}% 10
\BOOKMARK [2][]{Problem4b.2}{\(b\)}{Problem4.1}% 11
\BOOKMARK [2][]{Problem4c.2}{\(c\)}{Problem4.1}% 12
\BOOKMARK [2][]{Problem4d.2}{\(d\)}{Problem4.1}% 13
\BOOKMARK [2][]{Problem4e.2}{\(e\)}{Problem4.1}% 14
\BOOKMARK [2][]{Problem4f.2}{\(f\)}{Problem4.1}% 15
\BOOKMARK [2][]{Problem4g.2}{\(g\)}{Problem4.1}% 16
\BOOKMARK [2][]{Problem4h.2}{\(h\)}{Problem4.1}% 17
\BOOKMARK [2][]{Problem4i.2}{\(i\)}{Problem4.1}% 18
\BOOKMARK [2][]{Problem4j.2}{\(j\)}{Problem4.1}% 19
\BOOKMARK [2][]{Problem4k.2}{\(k\)}{Problem4.1}% 20
\BOOKMARK [1][]{Problem5.1}{Problem 5}{}% 21
