\BOOKMARK [1][]{Problem1.1}{Problem 1}{}% 1
\BOOKMARK [1][]{Problem2.1}{Problem 2}{}% 2
\BOOKMARK [1][]{Problem3.1}{Problem 3}{}% 3
\BOOKMARK [2][]{Problem3a.2}{\(a\)}{Problem3.1}% 4
\BOOKMARK [2][]{Problem3b.2}{\(b\)}{Problem3.1}% 5
\BOOKMARK [1][]{Problem4.1}{Problem 4}{}% 6
\BOOKMARK [2][]{Problem4a.2}{\(a\)}{Problem4.1}% 7
\BOOKMARK [2][]{Problem4b.2}{\(b\)}{Problem4.1}% 8
\BOOKMARK [1][]{Problem5.1}{Problem 5}{}% 9
\BOOKMARK [1][]{Problem6.1}{Problem 6}{}% 10
\BOOKMARK [2][]{Problem6a.2}{\(a\)}{Problem6.1}% 11
\BOOKMARK [2][]{Problem6b.2}{\(b\)}{Problem6.1}% 12
\BOOKMARK [2][]{Problem6c.2}{\(c\)}{Problem6.1}% 13
\BOOKMARK [2][]{Problem6d.2}{\(d\)}{Problem6.1}% 14
\BOOKMARK [2][]{Problem6e.2}{\(e\)}{Problem6.1}% 15
\BOOKMARK [1][]{Problem7.1}{Problem 7}{}% 16
\BOOKMARK [1][]{Problem8.1}{Problem 8}{}% 17
\BOOKMARK [2][]{Problem8a.2}{\(a\)}{Problem8.1}% 18
\BOOKMARK [2][]{Problem8b.2}{\(b\)}{Problem8.1}% 19
\BOOKMARK [2][]{Problem8c.2}{\(c\)}{Problem8.1}% 20
\BOOKMARK [1][]{Problem9.1}{Problem 9}{}% 21
\BOOKMARK [1][]{Problem10.1}{Problem 10}{}% 22
\BOOKMARK [2][]{Problem10a.2}{\(a\)}{Problem10.1}% 23
\BOOKMARK [2][]{Problem10b.2}{\(b\)}{Problem10.1}% 24
\BOOKMARK [1][]{Problem11.1}{Problem 11}{}% 25
\BOOKMARK [2][]{Problem11a.2}{\(a\)}{Problem11.1}% 26
\BOOKMARK [2][]{Problem11b.2}{\(b\)}{Problem11.1}% 27
